<?xml version="1.0" encoding="UTF-8"?>
<!-- Generated by org.testng.reporters.JUnitReportReporter -->
<testsuite skipped="2" hostname="lenovo-t450" name="com.appium.tests.SearchTV" tests="3" failures="0" timestamp="30 Jan 2020 14:12:04 GMT" time="137.919" errors="0">
  <testcase name="TC_SearchTV" time="137.763" classname="com.appium.tests.SearchTV"/>
  <testcase name="TC_SearchTV" time="0.094" classname="com.appium.tests.SearchTV">
    <skipped/>
  </testcase> <!-- TC_SearchTV -->
  <testcase name="TC_SearchTV" time="0.062" classname="com.appium.tests.SearchTV">
    <skipped/>
  </testcase> <!-- TC_SearchTV -->
</testsuite> <!-- com.appium.tests.SearchTV -->
